<?xml version="1.0" encoding="UTF-8"?>
<!-- Generated by org.testng.reporters.JUnitReportReporter -->
<testsuite hostname="Andres" failures="0" tests="3" name="com.selenium.practicas.Selenium_TitulodelSitio_14" time="9.291" errors="0" timestamp="2022-10-10T22:40:25 CDT" skipped="0">
  <testcase classname="com.selenium.practicas.Selenium_TitulodelSitio_14" name="ingresar" time="8.849"/>
  <system-out/>
  <testcase classname="com.selenium.practicas.Selenium_TitulodelSitio_14" name="spotifyTitle" time="0.020"/>
  <system-out/>
  <testcase classname="com.selenium.practicas.Selenium_TitulodelSitio_14" name="quit" time="0.422"/>
  <system-out/>
</testsuite> <!-- com.selenium.practicas.Selenium_TitulodelSitio_14 -->
