<?xml version="1.0" encoding="UTF-8"?>
<!-- Generated by org.testng.reporters.JUnitReportReporter -->
<testsuite hostname="Andres" failures="0" tests="2" name="com.selenium.practicas.TestNG_TestCase1_3" time="0.006" errors="0" timestamp="2022-10-11T01:50:10 CDT" skipped="0">
  <testcase classname="com.selenium.practicas.TestNG_TestCase1_3" name="doUserReg" time="0.004"/>
  <system-out/>
  <testcase classname="com.selenium.practicas.TestNG_TestCase1_3" name="doLogin" time="0.002"/>
  <system-out/>
</testsuite> <!-- com.selenium.practicas.TestNG_TestCase1_3 -->
