<?xml version="1.0" encoding="UTF-8"?>
<!-- Generated by org.testng.reporters.JUnitReportReporter -->
<testsuite hostname="Andres" failures="0" tests="1" name="com.selenium.practicas.TestNG_PruebaBase_2" time="0.006" errors="0" timestamp="2022-10-11T01:46:48 CDT" skipped="0">
  <testcase classname="com.selenium.practicas.TestNG_PruebaBase_2" name="quit" time="0.006"/>
  <system-out/>
</testsuite> <!-- com.selenium.practicas.TestNG_PruebaBase_2 -->
