<?xml version="1.0" encoding="UTF-8"?>
<!-- Generated by org.testng.reporters.JUnitReportReporter -->
<testsuite hostname="EN3810055" failures="0" tests="1" name="testFinal.LogInPageTest_Final" time="11.659" errors="0" timestamp="2022-10-21T14:49:03 CDT" skipped="0">
  <testcase classname="testFinal.LogInPageTest_Final" name="signIn" time="11.659"/>
  <system-out/>
</testsuite> <!-- testFinal.LogInPageTest_Final -->
