<?xml version="1.0" encoding="UTF-8"?>
<!-- Generated by org.testng.reporters.JUnitReportReporter -->
<testsuite hostname="EN3810055" failures="0" tests="6" name="com.selenium.practicas.TestNG_Atributos_5" time="24.162" errors="0" timestamp="2022-10-19T16:55:26 CDT" skipped="1">
  <testcase classname="com.selenium.practicas.TestNG_Atributos_5" name="signUp" time="3.844"/>
  <system-out/>
  <testcase classname="com.selenium.practicas.TestNG_Atributos_5" name="checkLogin" time="1.537"/>
  <system-out/>
  <testcase classname="com.selenium.practicas.TestNG_Atributos_5" name="testCurrentUrl" time="10.365"/>
  <system-out/>
  <testcase classname="com.selenium.practicas.TestNG_Atributos_5" name="logout" time="8.151"/>
  <system-out/>
  <testcase classname="com.selenium.practicas.TestNG_Atributos_5" name="invocationcountShowCaseMethod" time="0.265"/>
  <system-out/>
  <testcase classname="com.selenium.practicas.TestNG_Atributos_5" name="skipMethod">
    <skipped/>
  </testcase> <!-- skipMethod -->
  <system-out/>
</testsuite> <!-- com.selenium.practicas.TestNG_Atributos_5 -->
