<?xml version="1.0" encoding="UTF-8"?>
<!-- Generated by org.testng.reporters.JUnitReportReporter -->
<testsuite hostname="Andres" failures="0" tests="1" name="com.selenium.practicas.DosLocalizadores" time="13.411" errors="0" timestamp="2022-10-10T05:09:26 CDT" skipped="0">
  <testcase classname="com.selenium.practicas.DosLocalizadores" name="localizadores" time="13.411"/>
  <system-out/>
</testsuite> <!-- com.selenium.practicas.DosLocalizadores -->
