<?xml version="1.0" encoding="UTF-8"?>
<!-- Generated by org.testng.reporters.JUnitReportReporter -->
<testsuite hostname="Andres" failures="0" tests="3" name="com.selenium.practicas.SieteScroll" time="15.001" errors="0" timestamp="2022-10-10T11:12:40 CDT" skipped="0">
  <testcase classname="com.selenium.practicas.SieteScroll" name="logIn" time="7.850"/>
  <system-out/>
  <testcase classname="com.selenium.practicas.SieteScroll" name="scroll" time="6.951"/>
  <system-out/>
  <testcase classname="com.selenium.practicas.SieteScroll" name="cerrar" time="0.200"/>
  <system-out/>
</testsuite> <!-- com.selenium.practicas.SieteScroll -->
