<?xml version="1.0" encoding="UTF-8"?>
<!-- Generated by org.testng.reporters.JUnitReportReporter -->
<testsuite hostname="Andres" failures="0" tests="1" name="com.selenium.practicas.TestNG_Anotaciones_4" time="12.352" errors="0" timestamp="2022-10-11T03:25:10 CDT" skipped="0">
  <testcase classname="com.selenium.practicas.TestNG_Anotaciones_4" name="testCurrentUrl" time="12.352"/>
  <system-out/>
</testsuite> <!-- com.selenium.practicas.TestNG_Anotaciones_4 -->
