<?xml version="1.0" encoding="UTF-8"?>
<!-- Generated by org.testng.reporters.JUnitReportReporter -->
<testsuite hostname="EN3810055" failures="0" tests="3" name="com.selenium.practicas.Selenium_Practicar_11" time="27.881" errors="0" timestamp="2022-10-19T17:02:48 CDT" skipped="0">
  <testcase classname="com.selenium.practicas.Selenium_Practicar_11" name="ingresar" time="6.314"/>
  <system-out/>
  <testcase classname="com.selenium.practicas.Selenium_Practicar_11" name="signUp" time="21.306"/>
  <system-out/>
  <testcase classname="com.selenium.practicas.Selenium_Practicar_11" name="quit" time="0.261"/>
  <system-out/>
</testsuite> <!-- com.selenium.practicas.Selenium_Practicar_11 -->
