<?xml version="1.0" encoding="UTF-8"?>
<!-- Generated by org.testng.reporters.JUnitReportReporter -->
<testsuite hostname="EN3810055" failures="0" tests="1" name="data.test" time="8.372" errors="0" timestamp="2022-10-11T10:13:58 CDT" skipped="0">
  <testcase classname="data.test" name="ejecutarWebDriver" time="8.372"/>
  <system-out/>
</testsuite> <!-- data.test -->
