<?xml version="1.0" encoding="UTF-8"?>
<!-- Generated by org.testng.reporters.JUnitReportReporter -->
<testsuite hostname="EN3810055" failures="0" tests="3" name="com.selenium.practicas.Selenium_ManejarPestanas_6" time="21.196" errors="0" timestamp="2022-10-19T16:30:44 CDT" skipped="0">
  <testcase classname="com.selenium.practicas.Selenium_ManejarPestanas_6" name="logIn" time="5.385"/>
  <system-out/>
  <testcase classname="com.selenium.practicas.Selenium_ManejarPestanas_6" name="manejoDePestanas" time="15.563"/>
  <system-out/>
  <testcase classname="com.selenium.practicas.Selenium_ManejarPestanas_6" name="cerrar" time="0.248"/>
  <system-out/>
</testsuite> <!-- com.selenium.practicas.Selenium_ManejarPestanas_6 -->
