<?xml version="1.0" encoding="UTF-8"?>
<!-- Generated by org.testng.reporters.JUnitReportReporter -->
<testsuite hostname="Andres" failures="0" tests="3" name="com.selenium.practicas.OchoAgregarCarrito" time="16.620" errors="0" timestamp="2022-10-10T11:52:17 CDT" skipped="0">
  <testcase classname="com.selenium.practicas.OchoAgregarCarrito" name="logIn" time="7.057"/>
  <system-out/>
  <testcase classname="com.selenium.practicas.OchoAgregarCarrito" name="agregarCarrito" time="9.348"/>
  <system-out/>
  <testcase classname="com.selenium.practicas.OchoAgregarCarrito" name="quit" time="0.215"/>
  <system-out/>
</testsuite> <!-- com.selenium.practicas.OchoAgregarCarrito -->
