<?xml version="1.0" encoding="UTF-8"?>
<!-- Generated by org.testng.reporters.JUnitReportReporter -->
<testsuite hostname="EN3810055" failures="0" tests="3" name="com.selenium.practicas.Selenium_AgregarCarrito_8" time="16.180" errors="0" timestamp="2022-10-14T13:03:36 CDT" skipped="0">
  <testcase classname="com.selenium.practicas.Selenium_AgregarCarrito_8" name="logIn" time="6.182"/>
  <system-out/>
  <testcase classname="com.selenium.practicas.Selenium_AgregarCarrito_8" name="agregarCarrito" time="9.738"/>
  <system-out/>
  <testcase classname="com.selenium.practicas.Selenium_AgregarCarrito_8" name="quit" time="0.260"/>
  <system-out/>
</testsuite> <!-- com.selenium.practicas.Selenium_AgregarCarrito_8 -->
