<?xml version="1.0" encoding="UTF-8"?>
<!-- Generated by org.testng.reporters.JUnitReportReporter -->
<testsuite hostname="Andres" failures="0" tests="3" name="com.selenium.practicas.CuatroDropDownMenu" time="7.302" errors="0" timestamp="2022-10-10T06:24:02 CDT" skipped="0">
  <testcase classname="com.selenium.practicas.CuatroDropDownMenu" name="logIn" time="7.024"/>
  <system-out/>
  <testcase classname="com.selenium.practicas.CuatroDropDownMenu" name="dropDownMenu" time="0.088"/>
  <system-out/>
  <testcase classname="com.selenium.practicas.CuatroDropDownMenu" name="quit" time="0.190"/>
  <system-out/>
</testsuite> <!-- com.selenium.practicas.CuatroDropDownMenu -->
