<?xml version="1.0" encoding="UTF-8"?>
<!-- Generated by org.testng.reporters.JUnitReportReporter -->
<testsuite hostname="Andres" failures="0" tests="3" name="com.selenium.practicas.CincoClickDerecho" time="15.551" errors="0" timestamp="2022-10-10T06:54:17 CDT" skipped="0">
  <testcase classname="com.selenium.practicas.CincoClickDerecho" name="logIn" time="7.052"/>
  <system-out/>
  <testcase classname="com.selenium.practicas.CincoClickDerecho" name="clickDerecho" time="8.312"/>
  <system-out/>
  <testcase classname="com.selenium.practicas.CincoClickDerecho" name="cerrar" time="0.187"/>
  <system-out/>
</testsuite> <!-- com.selenium.practicas.CincoClickDerecho -->
