<?xml version="1.0" encoding="UTF-8"?>
<!-- Generated by org.testng.reporters.JUnitReportReporter -->
<testsuite hostname="Andres" failures="0" tests="3" name="com.selenium.practicas.Selenium_WindowsSize_13" time="5.566" errors="0" timestamp="2022-10-10T22:00:57 CDT" skipped="0">
  <testcase classname="com.selenium.practicas.Selenium_WindowsSize_13" name="ingresar" time="5.068"/>
  <system-out/>
  <testcase classname="com.selenium.practicas.Selenium_WindowsSize_13" name="windowsSize" time="0.148"/>
  <system-out/>
  <testcase classname="com.selenium.practicas.Selenium_WindowsSize_13" name="quit" time="0.350"/>
  <system-out/>
</testsuite> <!-- com.selenium.practicas.Selenium_WindowsSize_13 -->
