<?xml version="1.0" encoding="UTF-8"?>
<!-- Generated by org.testng.reporters.JUnitReportReporter -->
<testsuite hostname="EN3810055" failures="0" tests="1" name="tests2.CreateAccountTest_AP" time="15.949" errors="0" timestamp="2022-10-21T13:37:34 CDT" skipped="0">
  <testcase classname="tests2.CreateAccountTest_AP" name="crearCuentaNueva" time="15.949"/>
  <system-out/>
</testsuite> <!-- tests2.CreateAccountTest_AP -->
