<?xml version="1.0" encoding="UTF-8"?>
<!-- Generated by org.testng.reporters.JUnitReportReporter -->
<testsuite hostname="Andres" failures="0" tests="1" name="com.selenium.practicas.TestNG_Ejemplo_1" time="7.371" errors="0" timestamp="2022-10-10T13:40:29 CDT" skipped="0">
  <testcase classname="com.selenium.practicas.TestNG_Ejemplo_1" name="googleCalculator" time="7.371"/>
  <system-out/>
</testsuite> <!-- com.selenium.practicas.TestNG_Ejemplo_1 -->
