<?xml version="1.0" encoding="UTF-8"?>
<!-- Generated by org.testng.reporters.JUnitReportReporter -->
<testsuite hostname="Andres" failures="0" tests="3" name="com.selenium.practicas.DiesScreenshot" time="7.848" errors="0" timestamp="2022-10-10T12:37:26 CDT" skipped="0">
  <testcase classname="com.selenium.practicas.DiesScreenshot" name="logIn" time="7.211"/>
  <system-out/>
  <testcase classname="com.selenium.practicas.DiesScreenshot" name="screenshot" time="0.425"/>
  <system-out/>
  <testcase classname="com.selenium.practicas.DiesScreenshot" name="quit" time="0.212"/>
  <system-out/>
</testsuite> <!-- com.selenium.practicas.DiesScreenshot -->
