<?xml version="1.0" encoding="UTF-8"?>
<!-- Generated by org.testng.reporters.JUnitReportReporter -->
<testsuite hostname="EN3810055" failures="0" tests="4" name="ejerciciosSelenium.Ejercicio_1" time="13.554" errors="0" timestamp="2022-11-23T17:29:46 CST" skipped="0">
  <testcase classname="ejerciciosSelenium.Ejercicio_1" name="invocarNavegador" time="5.168"/>
  <system-out/>
  <testcase classname="ejerciciosSelenium.Ejercicio_1" name="compararTitulos" time="0.027"/>
  <system-out/>
  <testcase classname="ejerciciosSelenium.Ejercicio_1" name="comandosDeNavegacion" time="8.099"/>
  <system-out/>
  <testcase classname="ejerciciosSelenium.Ejercicio_1" name="cerrarNavegador" time="0.260"/>
  <system-out/>
</testsuite> <!-- ejerciciosSelenium.Ejercicio_1 -->
