<?xml version="1.0" encoding="UTF-8"?>
<!-- Generated by org.testng.reporters.JUnitReportReporter -->
<testsuite hostname="Andres" failures="0" tests="1" name="com.selenium.practicas.UnoEjecutarWebDriver" time="8.899" errors="0" timestamp="2022-10-10T04:58:07 CDT" skipped="0">
  <testcase classname="com.selenium.practicas.UnoEjecutarWebDriver" name="ejecutarWebDriver" time="8.899"/>
  <system-out/>
</testsuite> <!-- com.selenium.practicas.UnoEjecutarWebDriver -->
