<?xml version="1.0" encoding="UTF-8"?>
<!-- Generated by org.testng.reporters.JUnitReportReporter -->
<testsuite hostname="Andres" failures="0" tests="3" name="com.selenium.practicas.Selenium_CalcularElementosWeb_12" time="5.584" errors="0" timestamp="2022-10-10T21:05:46 CDT" skipped="0">
  <testcase classname="com.selenium.practicas.Selenium_CalcularElementosWeb_12" name="ingresar" time="4.753"/>
  <system-out/>
  <testcase classname="com.selenium.practicas.Selenium_CalcularElementosWeb_12" name="contarElementos" time="0.626"/>
  <system-out/>
  <testcase classname="com.selenium.practicas.Selenium_CalcularElementosWeb_12" name="quit" time="0.205"/>
  <system-out/>
</testsuite> <!-- com.selenium.practicas.Selenium_CalcularElementosWeb_12 -->
