<?xml version="1.0" encoding="UTF-8"?>
<!-- Generated by org.testng.reporters.JUnitReportReporter -->
<testsuite hostname="EN3810055" failures="0" tests="1" name="com.selenium.practicas.Selenium_EjecutarWebDriver_1" time="9.481" errors="0" timestamp="2022-10-11T08:24:39 CDT" skipped="0">
  <testcase classname="com.selenium.practicas.Selenium_EjecutarWebDriver_1" name="ejecutarWebDriver" time="9.481"/>
  <system-out/>
</testsuite> <!-- com.selenium.practicas.Selenium_EjecutarWebDriver_1 -->
