<?xml version="1.0" encoding="UTF-8"?>
<!-- Generated by org.testng.reporters.JUnitReportReporter -->
<testsuite hostname="Andres" failures="0" tests="3" name="com.selenium.practicas.SeisManejarPestañas" time="23.104" errors="0" timestamp="2022-10-10T10:51:44 CDT" skipped="0">
  <testcase classname="com.selenium.practicas.SeisManejarPestañas" name="logIn" time="7.062"/>
  <system-out/>
  <testcase classname="com.selenium.practicas.SeisManejarPestañas" name="manejoDePestanas" time="15.669"/>
  <system-out/>
  <testcase classname="com.selenium.practicas.SeisManejarPestañas" name="cerrar" time="0.373"/>
  <system-out/>
</testsuite> <!-- com.selenium.practicas.SeisManejarPestañas -->
