<?xml version="1.0" encoding="UTF-8"?>
<!-- Generated by org.testng.reporters.JUnitReportReporter -->
<testsuite hostname="EN3810055" failures="0" tests="2" name="com.selenium.practicas.Selenium_LogIn_3" time="11.461" errors="0" timestamp="2022-10-14T15:16:57 CDT" skipped="0">
  <testcase classname="com.selenium.practicas.Selenium_LogIn_3" name="logIn" time="11.252"/>
  <system-out/>
  <testcase classname="com.selenium.practicas.Selenium_LogIn_3" name="compararTitulo" time="0.209"/>
  <system-out/>
</testsuite> <!-- com.selenium.practicas.Selenium_LogIn_3 -->
