<?xml version="1.0" encoding="UTF-8"?>
<!-- Generated by org.testng.reporters.JUnitReportReporter -->
<testsuite hostname="Andres" failures="0" tests="2" name="com.selenium.practicas.TresLogIn" time="13.619" errors="0" timestamp="2022-10-10T06:02:44 CDT" skipped="0">
  <testcase classname="com.selenium.practicas.TresLogIn" name="logIn" time="13.419"/>
  <system-out/>
  <testcase classname="com.selenium.practicas.TresLogIn" name="compararTitulo" time="0.200"/>
  <system-out/>
</testsuite> <!-- com.selenium.practicas.TresLogIn -->
