<?xml version="1.0" encoding="UTF-8"?>
<!-- Generated by org.testng.reporters.JUnitReportReporter -->
<testsuite hostname="Andres" failures="0" tests="4" name="com.selenium.practicas.NueveCheckOutValidacion" time="27.997" errors="0" timestamp="2022-10-10T12:31:10 CDT" skipped="0">
  <testcase classname="com.selenium.practicas.NueveCheckOutValidacion" name="logIn" time="6.975"/>
  <system-out/>
  <testcase classname="com.selenium.practicas.NueveCheckOutValidacion" name="agregarCarrito" time="9.335"/>
  <system-out/>
  <testcase classname="com.selenium.practicas.NueveCheckOutValidacion" name="checkOut" time="11.501"/>
  <system-out/>
  <testcase classname="com.selenium.practicas.NueveCheckOutValidacion" name="quit" time="0.186"/>
  <system-out/>
</testsuite> <!-- com.selenium.practicas.NueveCheckOutValidacion -->
